<?xml version="1.0" encoding="UTF-8"?>
<!-- Generated by org.testng.reporters.JUnitXMLReporter -->
<testsuite hostname="ATMECSINLT-652" name="SampleTest" tests="2" failures="0" timestamp="30 Mar 2020 09:09:10 GMT" time="823.553" errors="0">
  <testcase name="RegisteraMember" time="481.454" classname="com.atmecs.qa.automationproject.testscript.NewCustomerRegistration"/>
  <testcase name="RegisteraMember" time="319.641" classname="com.atmecs.qa.automationproject.testscript.NewCustomerRegistration"/>
</testsuite> <!-- SampleTest -->
