<?xml version="1.0" encoding="UTF-8"?>
<testng-results skipped="0" failed="0" total="2" passed="2">
  <reporter-output>
    <line>
      <![CDATA[INFO: The value found with Environment variable Falcon is: Falcon]]>
    </line>
    <line>
      <![CDATA[INFO: The value found with Environment Module variable sample is: sample]]>
    </line>
    <line>
      <![CDATA[The value found with Environment variable WIN_10_IE_11 is: WIN_10_IE_11]]>
    </line>
    <line>
      <![CDATA[INFO: Clients Found: [Falcon]
]]>
    </line>
    <line>
      <![CDATA[INFO: Modules Selected: [sample]
]]>
    </line>
    <line>
      <![CDATA[INFO: New Suite Created with name: Falcon-Sample-WIN_10_IE_11]]>
    </line>
    <line>
      <![CDATA[<?xml version="1.0" encoding="UTF-8"?>
<!DOCTYPE suite SYSTEM "http://testng.org/testng-1.0.dtd">
<suite name="Falcon-Sample-WIN_10_IE_11">
  <parameter name="os" value="WIN"/>
  <parameter name="osVersion" value="10"/>
  <parameter name="browser" value="IE"/>
  <parameter name="browserVersion" value="11"/>
  <test name="SampleTest">
    <classes>
      <class name="com.atmecs.qa.automationproject.testscript.NewCustomerRegistration"/>
    </classes>
  </test> <!-- SampleTest -->
</suite> <!-- Falcon-Sample-WIN_10_IE_11 -->
]]>
    </line>
    <line>
      <![CDATA[Launch shopping page]]>
    </line>
    <line>
      <![CDATA[Maximixe browser window]]>
    </line>
    <line>
      <![CDATA[Wait for page to load]]>
    </line>
    <line>
      <![CDATA[Register a new customer ]]>
    </line>
    <line>
      <![CDATA[Verify Page Logo]]>
    </line>
    <line>
      <![CDATA[Click on Sign in]]>
    </line>
    <line>
      <![CDATA[Scroll page down]]>
    </line>
    <line>
      <![CDATA[Enter Email Address]]>
    </line>
    <line>
      <![CDATA[Click on create button]]>
    </line>
    <line>
      <![CDATA[Enter Customer First name]]>
    </line>
    <line>
      <![CDATA[Enter Customer Last name]]>
    </line>
    <line>
      <![CDATA[Enter Customer Password]]>
    </line>
    <line>
      <![CDATA[Select Day]]>
    </line>
    <line>
      <![CDATA[Select Month]]>
    </line>
    <line>
      <![CDATA[Select Year]]>
    </line>
    <line>
      <![CDATA[Enter Address1]]>
    </line>
    <line>
      <![CDATA[Enter City]]>
    </line>
    <line>
      <![CDATA[Enter State]]>
    </line>
    <line>
      <![CDATA[Enter Post coder]]>
    </line>
    <line>
      <![CDATA[Enter Country]]>
    </line>
    <line>
      <![CDATA[Enter Mobile number]]>
    </line>
    <line>
      <![CDATA[Enter Register Button]]>
    </line>
    <line>
      <![CDATA[Click on Signout]]>
    </line>
    <line>
      <![CDATA[Register a new customer ]]>
    </line>
    <line>
      <![CDATA[Verify Page Logo]]>
    </line>
    <line>
      <![CDATA[Click on Sign in]]>
    </line>
    <line>
      <![CDATA[Scroll page down]]>
    </line>
    <line>
      <![CDATA[Enter Email Address]]>
    </line>
    <line>
      <![CDATA[Click on create button]]>
    </line>
    <line>
      <![CDATA[Enter Customer First name]]>
    </line>
    <line>
      <![CDATA[Enter Customer Last name]]>
    </line>
    <line>
      <![CDATA[Enter Customer Password]]>
    </line>
    <line>
      <![CDATA[Select Day]]>
    </line>
    <line>
      <![CDATA[Select Month]]>
    </line>
    <line>
      <![CDATA[Select Year]]>
    </line>
    <line>
      <![CDATA[Enter Address1]]>
    </line>
    <line>
      <![CDATA[Enter City]]>
    </line>
    <line>
      <![CDATA[Enter State]]>
    </line>
    <line>
      <![CDATA[Enter Post coder]]>
    </line>
    <line>
      <![CDATA[Enter Country]]>
    </line>
    <line>
      <![CDATA[Enter Mobile number]]>
    </line>
    <line>
      <![CDATA[Enter Register Button]]>
    </line>
    <line>
      <![CDATA[Click on Signout]]>
    </line>
  </reporter-output>
  <suite name="Falcon-Sample-WIN_10_IE_11" duration-ms="823553" started-at="2020-03-30T08:55:27Z" finished-at="2020-03-30T09:09:10Z">
    <groups>
    </groups>
    <test name="SampleTest" duration-ms="823553" started-at="2020-03-30T08:55:27Z" finished-at="2020-03-30T09:09:10Z">
      <class name="com.atmecs.qa.automationproject.testscript.NewCustomerRegistration">
        <test-method status="PASS" signature="preSetup()[pri:0, instance:com.atmecs.qa.automationproject.testscript.NewCustomerRegistration@15322508]" name="preSetup" is-config="true" duration-ms="80" started-at="2020-03-30T14:25:26Z" finished-at="2020-03-30T14:25:27Z">
          <reporter-output>
          </reporter-output>
        </test-method> <!-- preSetup -->
        <test-method status="PASS" signature="openShoppingPage(java.lang.String, java.lang.String, java.lang.String, java.lang.String)[pri:0, instance:com.atmecs.qa.automationproject.testscript.NewCustomerRegistration@15322508]" name="openShoppingPage" is-config="true" duration-ms="21064" started-at="2020-03-30T14:25:27Z" finished-at="2020-03-30T14:25:48Z">
          <params>
            <param index="0">
              <value>
                <![CDATA[WIN]]>
              </value>
            </param>
            <param index="1">
              <value>
                <![CDATA[10]]>
              </value>
            </param>
            <param index="2">
              <value>
                <![CDATA[IE]]>
              </value>
            </param>
            <param index="3">
              <value>
                <![CDATA[11]]>
              </value>
            </param>
          </params>
          <reporter-output>
            <line>
              <![CDATA[Launch shopping page]]>
            </line>
            <line>
              <![CDATA[Maximixe browser window]]>
            </line>
            <line>
              <![CDATA[Wait for page to load]]>
            </line>
          </reporter-output>
        </test-method> <!-- openShoppingPage -->
        <test-method status="PASS" signature="RegisteraMember(java.lang.String, java.lang.String, java.lang.String, java.lang.String, java.lang.String, java.lang.String, java.lang.String, java.lang.String)[pri:0, instance:com.atmecs.qa.automationproject.testscript.NewCustomerRegistration@15322508]" name="RegisteraMember" duration-ms="481454" started-at="2020-03-30T14:25:49Z" data-provider="testdata" finished-at="2020-03-30T14:33:50Z">
          <params>
            <param index="0">
              <value>
                <![CDATA[kilarusowjanya17@gmail.com]]>
              </value>
            </param>
            <param index="1">
              <value>
                <![CDATA[Sowjanya]]>
              </value>
            </param>
            <param index="2">
              <value>
                <![CDATA[Ki]]>
              </value>
            </param>
            <param index="3">
              <value>
                <![CDATA[Sow123]]>
              </value>
            </param>
            <param index="4">
              <value>
                <![CDATA[KPHB]]>
              </value>
            </param>
            <param index="5">
              <value>
                <![CDATA[Hyderabad]]>
              </value>
            </param>
            <param index="6">
              <value>
                <![CDATA[13131]]>
              </value>
            </param>
            <param index="7">
              <value>
                <![CDATA[00919848012345]]>
              </value>
            </param>
          </params>
          <reporter-output>
            <line>
              <![CDATA[Register a new customer ]]>
            </line>
            <line>
              <![CDATA[Verify Page Logo]]>
            </line>
            <line>
              <![CDATA[Click on Sign in]]>
            </line>
            <line>
              <![CDATA[Scroll page down]]>
            </line>
            <line>
              <![CDATA[Enter Email Address]]>
            </line>
            <line>
              <![CDATA[Click on create button]]>
            </line>
            <line>
              <![CDATA[Enter Customer First name]]>
            </line>
            <line>
              <![CDATA[Enter Customer Last name]]>
            </line>
            <line>
              <![CDATA[Enter Customer Password]]>
            </line>
            <line>
              <![CDATA[Select Day]]>
            </line>
            <line>
              <![CDATA[Select Month]]>
            </line>
            <line>
              <![CDATA[Select Year]]>
            </line>
            <line>
              <![CDATA[Enter Address1]]>
            </line>
            <line>
              <![CDATA[Enter City]]>
            </line>
            <line>
              <![CDATA[Enter State]]>
            </line>
            <line>
              <![CDATA[Enter Post coder]]>
            </line>
            <line>
              <![CDATA[Enter Country]]>
            </line>
            <line>
              <![CDATA[Enter Mobile number]]>
            </line>
            <line>
              <![CDATA[Enter Register Button]]>
            </line>
            <line>
              <![CDATA[Click on Signout]]>
            </line>
          </reporter-output>
        </test-method> <!-- RegisteraMember -->
        <test-method status="PASS" signature="RegisteraMember(java.lang.String, java.lang.String, java.lang.String, java.lang.String, java.lang.String, java.lang.String, java.lang.String, java.lang.String)[pri:0, instance:com.atmecs.qa.automationproject.testscript.NewCustomerRegistration@15322508]" name="RegisteraMember" duration-ms="319641" started-at="2020-03-30T14:33:50Z" data-provider="testdata" finished-at="2020-03-30T14:39:10Z">
          <params>
            <param index="0">
              <value>
                <![CDATA[testersowjanya16@gmail.com]]>
              </value>
            </param>
            <param index="1">
              <value>
                <![CDATA[Sowji]]>
              </value>
            </param>
            <param index="2">
              <value>
                <![CDATA[Ki]]>
              </value>
            </param>
            <param index="3">
              <value>
                <![CDATA[Sow234]]>
              </value>
            </param>
            <param index="4">
              <value>
                <![CDATA[kphb]]>
              </value>
            </param>
            <param index="5">
              <value>
                <![CDATA[Hyderabad]]>
              </value>
            </param>
            <param index="6">
              <value>
                <![CDATA[34324]]>
              </value>
            </param>
            <param index="7">
              <value>
                <![CDATA[00919848012345]]>
              </value>
            </param>
          </params>
          <reporter-output>
            <line>
              <![CDATA[Register a new customer ]]>
            </line>
            <line>
              <![CDATA[Verify Page Logo]]>
            </line>
            <line>
              <![CDATA[Click on Sign in]]>
            </line>
            <line>
              <![CDATA[Scroll page down]]>
            </line>
            <line>
              <![CDATA[Enter Email Address]]>
            </line>
            <line>
              <![CDATA[Click on create button]]>
            </line>
            <line>
              <![CDATA[Enter Customer First name]]>
            </line>
            <line>
              <![CDATA[Enter Customer Last name]]>
            </line>
            <line>
              <![CDATA[Enter Customer Password]]>
            </line>
            <line>
              <![CDATA[Select Day]]>
            </line>
            <line>
              <![CDATA[Select Month]]>
            </line>
            <line>
              <![CDATA[Select Year]]>
            </line>
            <line>
              <![CDATA[Enter Address1]]>
            </line>
            <line>
              <![CDATA[Enter City]]>
            </line>
            <line>
              <![CDATA[Enter State]]>
            </line>
            <line>
              <![CDATA[Enter Post coder]]>
            </line>
            <line>
              <![CDATA[Enter Country]]>
            </line>
            <line>
              <![CDATA[Enter Mobile number]]>
            </line>
            <line>
              <![CDATA[Enter Register Button]]>
            </line>
            <line>
              <![CDATA[Click on Signout]]>
            </line>
          </reporter-output>
        </test-method> <!-- RegisteraMember -->
        <test-method status="PASS" signature="teardown()[pri:0, instance:com.atmecs.qa.automationproject.testscript.NewCustomerRegistration@15322508]" name="teardown" is-config="true" duration-ms="734" started-at="2020-03-30T14:39:10Z" finished-at="2020-03-30T14:39:11Z">
          <reporter-output>
          </reporter-output>
        </test-method> <!-- teardown -->
      </class> <!-- com.atmecs.qa.automationproject.testscript.NewCustomerRegistration -->
    </test> <!-- SampleTest -->
  </suite> <!-- Falcon-Sample-WIN_10_IE_11 -->
</testng-results>
