<?xml version="1.0" encoding="UTF-8"?>
<!-- Generated by org.testng.reporters.JUnitXMLReporter -->
<testsuite hostname="ATMECSINLT-652" name="SampleTest" tests="2" failures="0" timestamp="30 Mar 2020 05:50:06 GMT" time="515.662" errors="0">
  <testcase name="RegisteraMember" time="227.184" classname="com.atmecs.qa.automationproject.testscript.NewCustomerRegistration"/>
  <testcase name="RegisteraMember" time="275.383" classname="com.atmecs.qa.automationproject.testscript.NewCustomerRegistration"/>
</testsuite> <!-- SampleTest -->
